<?xml version="1.0" encoding="UTF-8"?>
<!-- Generated by org.testng.reporters.JUnitReportReporter -->
<testsuite hostname="DESKTOP-FOIF60P" failures="0" tests="1" name="testng.testclass1" time="0.018" errors="0" timestamp="2023-02-01T16:40:08 GMT" skipped="0">
  <testcase classname="testng.testclass1" name="test1" time="0.018"/>
  <system-out/>
</testsuite> <!-- testng.testclass1 -->
