<?xml version="1.0" encoding="UTF-8"?>
<!-- Generated by org.testng.reporters.JUnitReportReporter -->
<testsuite hostname="DESKTOP-FOIF60P" failures="0" tests="1" name="testng.test2" time="33.082" errors="0" timestamp="2023-01-29T14:28:18 GMT" skipped="0">
  <testcase classname="testng.test2" name="wishlist" time="33.082"/>
  <system-out/>
</testsuite> <!-- testng.test2 -->
